Arguments: 
  C:\Program Files\nodejs\node.exe C:\Program Files (x86)\Yarn\bin\yarn.js init

PATH: 
  C:\Python27\;C:\Python27\Scripts;C:\Program Files (x86)\Common Files\Oracle\Java\javapath;C:\WINDOWS\system32;C:\WINDOWS;C:\WINDOWS\System32\Wbem;C:\WINDOWS\System32\WindowsPowerShell\v1.0\;C:\WINDOWS\System32\OpenSSH\;C:\Program Files\IBM\Cloud\bin;C:\Program Files\Microsoft SQL Server\120\Tools\Binn\;C:\ProgramData\chocolatey\bin;C:\Program Files\Java\jdk1.8.0_201\bin;C:\Users\lucia\AppData\Local\Android\Sdk\platform-tools;C:\Users\lucia\AppData\Local\Android\Sdk\tools;C:\Users\lucia\AppData\Local\Android\Sdk\platform-tools\adb.exe;C:\Program Files (x86)\IVI Foundation\VISA\WinNT\Bin;C:\Program Files\Git\cmd;C:\Program Files\Dart\dart-sdk\bin;C:\Users\lucia\AppData\Roaming\nvm;C:\Program Files\nodejs;C:\Program Files\PuTTY\;C:\Program Files (x86)\Yarn\bin\;C:\Program Files\nodejs\;C:\Program Files\Gauge\bin;C:\Program Files\MongoDB\Server\4.4\bin;C:\Users\lucia\AppData\Local\Programs\Python\Python37\Scripts\;C:\Users\lucia\AppData\Local\Programs\Python\Python37\;C:\Python37-32\Scripts\;C:\Python37-32\;C:\Program Files\MySQL\MySQL Shell 8.0\bin\;C:\src\flutter\bin;C:\Users\lucia\AppData\Local\Microsoft\WindowsApps;C:\Users\lucia\AppData\Roaming\nvm;C:\Program Files\nodejs;C:\Users\lucia\AppData\Local\Android\Sdk\emulator;C:\Users\lucia\AppData\Local\Android\Sdk\tools;C:\Users\lucia\AppData\Local\Android\Sdk\tools\bin;C:\Users\lucia\AppData\Local\Android\Sdk\plataform-tools;C:\Users\lucia\AppData\Local\Android\Sdk;C:\Users\lucia\AppData\Local\Yarn\bin;C:\Users\lucia\AppData\Roaming\npm;C:\Users\lucia\AppData\Local\hyper\app-3.0.2\resources\bin;C:\Users\lucia\AppData\Local\Programs\Microsoft VS Code\bin;C:\Users\lucia\AppData\Local\GitHubDesktop\bin;C:\Program Files\MongoDB\Server\4.4\bin;C:\Program Files\MongoDB\Tools\100\bin;

Yarn version: 
  1.22.4

Node version: 
  12.13.0

Platform: 
  win32 x64

Trace: 
  Error: canceled
      at Interface.<anonymous> (C:\Program Files (x86)\Yarn\lib\cli.js:137008:13)
      at Interface.emit (events.js:210:5)
      at Interface._ttyWrite (readline.js:887:16)
      at ReadStream.onkeypress (readline.js:191:10)
      at ReadStream.emit (events.js:210:5)
      at emitKeys (internal/readline/utils.js:433:14)
      at emitKeys.next (<anonymous>)
      at ReadStream.onData (readline.js:1153:36)
      at ReadStream.emit (events.js:210:5)
      at addChunk (_stream_readable.js:308:12)

npm manifest: 
  {
    "name": "example-child-process",
    "version": "1.0.0",
    "main": "main.js",
    "license": "MIT",
    "scripts": {
      "init": "node initRepository.js"
    },
    "devDependencies": {
      "dotenv": "^8.2.0"
    }
  }

yarn manifest: 
  No manifest

Lockfile: 
  # THIS IS AN AUTOGENERATED FILE. DO NOT EDIT THIS FILE DIRECTLY.
  # yarn lockfile v1
  
  
  dotenv@^8.2.0:
    version "8.2.0"
    resolved "https://registry.yarnpkg.com/dotenv/-/dotenv-8.2.0.tgz#97e619259ada750eea3e4ea3e26bceea5424b16a"
    integrity sha512-8sJ78ElpbDJBHNeBzUbUVLsqKdccaa/BXF1uPTw3GrvQTBgrQrtObr2mUrE38vzYd8cEv+m/JBfDLioYcfXoaw==
